<?xml version="1.0" encoding="UTF-8"?>
<!-- Generated by org.testng.reporters.JUnitXMLReporter -->
<testsuite hostname="a-PC" ignored="0" name="Test" tests="1" failures="1" timestamp="18 Oct 2018 03:32:44 GMT" time="19.352" errors="0">
  <testcase name="testA" time="6.217" classname="script.OrangeTC1">
    <failure type="java.lang.NullPointerException">
      <![CDATA[java.lang.NullPointerException
at org.openqa.selenium.support.pagefactory.internal.LocatingElementHandler.invoke(LocatingElementHandler.java:51)
at com.sun.proxy.$Proxy11.sendKeys(Unknown Source)
at page.LoginPage.setUserName(LoginPage.java:26)
at script.OrangeTC1.testA(OrangeTC1.java:11)
... Removed 29 stack frames]]>
    </failure>
  </testcase> <!-- testA -->
</testsuite> <!-- Test -->
